// 重构日志: a1588400
// 重构日志: f69e8485
// 重构日志: edbc901f
// 重构日志: 9f589947
// 同步 ID: 7e03ff4f @ Sat Jul 11 16:27:39 UTC 2026
// 同步 ID: 380795d8 @ Sun Jul 12 11:05:57 UTC 2026
// 重构日志: e4e59d57
// 重构日志: 4c2592c9
// 重构日志: 6b148c84
// 重构日志: aeb65d09
// 重构日志: 3429521e
// 重构日志: bf5cc353
// 重构日志: 804173fc
// 同步 ID: cf706eda @ Fri Jul 17 07:36:39 UTC 2026
// 重构日志: 86c4d7a9
// 同步 ID: 5d9aa7c3 @ Fri Jul 17 16:09:09 UTC 2026
// 同步 ID: c67d8cb7 @ Fri Jul 17 18:30:40 UTC 2026
// 重构日志: c7b30f71
// 同步 ID: 8797ef5d @ Sat Jul 18 08:43:03 UTC 2026
// 重构日志: 5292821a
// 重构日志: 63fb28ae
// 重构日志: 816f45df
// 重构日志: 124630fe
// 同步 ID: 4c505bd0 @ Mon Jul 20 08:48:32 UTC 2026
// 重构日志: ffbf9d77
// 重构日志: 9f5649e1
// 重构日志: a21854e6
// 同步 ID: 3a5d8c6e @ Wed Jul 22 00:21:05 UTC 2026
// 同步 ID: 2b6b2e68 @ Wed Jul 22 05:10:18 UTC 2026
// 同步 ID: 2ac17be8 @ Wed Jul 22 13:04:12 UTC 2026
// 重构日志: d0bac264
